<?xml version="1.0" encoding="UTF-8"?>
<!-- Generated by org.testng.reporters.JUnitXMLReporter -->
<testsuite hostname="Subrata7" ignored="0" name="Test" tests="3" failures="0" timestamp="2022-05-11T01:00:01 IST" time="60.497" errors="0">
  <testcase name="VerifyRegistration" time="8.745" classname="org.Test.GridTest"/>
  <testcase name="VerifyRegistration" time="21.732" classname="org.Test.GridFireFoxTest"/>
  <testcase name="VerifyRegistration" time="18.616" classname="org.Test.GridEdgeTest"/>
</testsuite> <!-- Test -->
