<?xml version="1.0" encoding="UTF-8"?>
<testng-results skipped="0" failed="0" ignored="0" total="1" passed="1">
  <reporter-output>
  </reporter-output>
  <suite name="Default suite" duration-ms="12382" started-at="2022-05-16T15:44:05 IST" finished-at="2022-05-16T15:44:17 IST">
    <groups>
    </groups>
    <test name="Default test" duration-ms="12382" started-at="2022-05-16T15:44:05 IST" finished-at="2022-05-16T15:44:17 IST">
      <class name="org.Test.SignOnTest">
        <test-method status="PASS" signature="VerifySignOn()[pri:0, instance:org.Test.SignOnTest@71d15f18]" name="VerifySignOn" duration-ms="12338" started-at="2022-05-16T15:44:05 IST" finished-at="2022-05-16T15:44:17 IST">
          <reporter-output>
          </reporter-output>
        </test-method> <!-- VerifySignOn -->
      </class> <!-- org.Test.SignOnTest -->
    </test> <!-- Default test -->
  </suite> <!-- Default suite -->
</testng-results>
